  SettingDialog.cpp
  WordsManager.cpp
H:\postgraduate\Qt\WordsLearning\WordsLearning\WordsManager.cpp(1,1): warning C4828: 文件包含在偏移 0x56e 处开始的字符，该字符在当前源字符集中无效(代码页 65001)。
H:\postgraduate\Qt\WordsLearning\WordsLearning\SettingDialog.cpp(1,1): warning C4828: 文件包含在偏移 0x38a 处开始的字符，该字符在当前源字符集中无效(代码页 65001)。
H:\postgraduate\Qt\WordsLearning\WordsLearning\WordsManager.cpp(1,1): warning C4828: 文件包含在偏移 0x570 处开始的字符，该字符在当前源字符集中无效(代码页 65001)。
H:\postgraduate\Qt\WordsLearning\WordsLearning\WordsManager.cpp(1,1): warning C4828: 文件包含在偏移 0x571 处开始的字符，该字符在当前源字符集中无效(代码页 65001)。
H:\postgraduate\Qt\WordsLearning\WordsLearning\SettingDialog.cpp(1,1): warning C4828: 文件包含在偏移 0x38b 处开始的字符，该字符在当前源字符集中无效(代码页 65001)。
H:\postgraduate\Qt\WordsLearning\WordsLearning\WordsManager.cpp(1,1): warning C4828: 文件包含在偏移 0x576 处开始的字符，该字符在当前源字符集中无效(代码页 65001)。
H:\postgraduate\Qt\WordsLearning\WordsLearning\SettingDialog.cpp(1,1): warning C4828: 文件包含在偏移 0x38c 处开始的字符，该字符在当前源字符集中无效(代码页 65001)。
H:\postgraduate\Qt\WordsLearning\WordsLearning\WordsManager.cpp(1,1): warning C4828: 文件包含在偏移 0x577 处开始的字符，该字符在当前源字符集中无效(代码页 65001)。
H:\postgraduate\Qt\WordsLearning\WordsLearning\SettingDialog.cpp(1,1): warning C4828: 文件包含在偏移 0x38d 处开始的字符，该字符在当前源字符集中无效(代码页 65001)。
H:\postgraduate\Qt\WordsLearning\WordsLearning\WordsManager.cpp(1,1): warning C4828: 文件包含在偏移 0x57a 处开始的字符，该字符在当前源字符集中无效(代码页 65001)。
H:\postgraduate\Qt\WordsLearning\WordsLearning\SettingDialog.cpp(1,1): warning C4828: 文件包含在偏移 0x39d 处开始的字符，该字符在当前源字符集中无效(代码页 65001)。
H:\postgraduate\Qt\WordsLearning\WordsLearning\WordsManager.cpp(1,1): warning C4828: 文件包含在偏移 0x57b 处开始的字符，该字符在当前源字符集中无效(代码页 65001)。
H:\postgraduate\Qt\WordsLearning\WordsLearning\SettingDialog.cpp(1,1): warning C4828: 文件包含在偏移 0x39e 处开始的字符，该字符在当前源字符集中无效(代码页 65001)。
H:\postgraduate\Qt\WordsLearning\WordsLearning\WordsManager.cpp(1,1): warning C4828: 文件包含在偏移 0x57c 处开始的字符，该字符在当前源字符集中无效(代码页 65001)。
H:\postgraduate\Qt\WordsLearning\WordsLearning\SettingDialog.cpp(1,1): warning C4828: 文件包含在偏移 0x3bf 处开始的字符，该字符在当前源字符集中无效(代码页 65001)。
H:\postgraduate\Qt\WordsLearning\WordsLearning\WordsManager.cpp(1,1): warning C4828: 文件包含在偏移 0x57e 处开始的字符，该字符在当前源字符集中无效(代码页 65001)。
H:\postgraduate\Qt\WordsLearning\WordsLearning\SettingDialog.cpp(1,1): warning C4828: 文件包含在偏移 0x3c1 处开始的字符，该字符在当前源字符集中无效(代码页 65001)。
H:\postgraduate\Qt\WordsLearning\WordsLearning\WordsManager.cpp(1,1): warning C4828: 文件包含在偏移 0x580 处开始的字符，该字符在当前源字符集中无效(代码页 65001)。
H:\postgraduate\Qt\WordsLearning\WordsLearning\SettingDialog.cpp(1,1): warning C4828: 文件包含在偏移 0x3c3 处开始的字符，该字符在当前源字符集中无效(代码页 65001)。
H:\postgraduate\Qt\WordsLearning\WordsLearning\WordsManager.cpp(1,1): warning C4828: 文件包含在偏移 0x581 处开始的字符，该字符在当前源字符集中无效(代码页 65001)。
H:\postgraduate\Qt\WordsLearning\WordsLearning\SettingDialog.cpp(1,1): warning C4828: 文件包含在偏移 0x3c5 处开始的字符，该字符在当前源字符集中无效(代码页 65001)。
H:\postgraduate\Qt\WordsLearning\WordsLearning\SettingDialog.cpp(1,1): warning C4828: 文件包含在偏移 0x3c6 处开始的字符，该字符在当前源字符集中无效(代码页 65001)。
H:\postgraduate\Qt\WordsLearning\WordsLearning\WordsManager.cpp(1,1): warning C4828: 文件包含在偏移 0x582 处开始的字符，该字符在当前源字符集中无效(代码页 65001)。
H:\postgraduate\Qt\WordsLearning\WordsLearning\SettingDialog.cpp(1,1): warning C4828: 文件包含在偏移 0x3c7 处开始的字符，该字符在当前源字符集中无效(代码页 65001)。
H:\postgraduate\Qt\WordsLearning\WordsLearning\SettingDialog.cpp(1,1): warning C4828: 文件包含在偏移 0x3c8 处开始的字符，该字符在当前源字符集中无效(代码页 65001)。
H:\postgraduate\Qt\WordsLearning\WordsLearning\WordsManager.cpp(1,1): warning C4828: 文件包含在偏移 0x584 处开始的字符，该字符在当前源字符集中无效(代码页 65001)。
H:\postgraduate\Qt\WordsLearning\WordsLearning\SettingDialog.cpp(1,1): warning C4828: 文件包含在偏移 0x3c9 处开始的字符，该字符在当前源字符集中无效(代码页 65001)。
H:\postgraduate\Qt\WordsLearning\WordsLearning\WordsManager.cpp(1,1): warning C4828: 文件包含在偏移 0x586 处开始的字符，该字符在当前源字符集中无效(代码页 65001)。
H:\postgraduate\Qt\WordsLearning\WordsLearning\SettingDialog.cpp(1,1): warning C4828: 文件包含在偏移 0x3cb 处开始的字符，该字符在当前源字符集中无效(代码页 65001)。
H:\postgraduate\Qt\WordsLearning\WordsLearning\SettingDialog.cpp(1,1): warning C4828: 文件包含在偏移 0x3cd 处开始的字符，该字符在当前源字符集中无效(代码页 65001)。
H:\postgraduate\Qt\WordsLearning\WordsLearning\SettingDialog.cpp(1,1): warning C4828: 文件包含在偏移 0x3ce 处开始的字符，该字符在当前源字符集中无效(代码页 65001)。
H:\postgraduate\Qt\WordsLearning\WordsLearning\WordsManager.cpp(1,1): warning C4828: 文件包含在偏移 0x588 处开始的字符，该字符在当前源字符集中无效(代码页 65001)。
H:\postgraduate\Qt\WordsLearning\WordsLearning\WordsManager.cpp(1,1): warning C4828: 文件包含在偏移 0xcda 处开始的字符，该字符在当前源字符集中无效(代码页 65001)。
H:\postgraduate\Qt\WordsLearning\WordsLearning\SettingDialog.cpp(1,1): warning C4828: 文件包含在偏移 0x3d1 处开始的字符，该字符在当前源字符集中无效(代码页 65001)。
H:\postgraduate\Qt\WordsLearning\WordsLearning\WordsManager.cpp(1,1): warning C4828: 文件包含在偏移 0xcdc 处开始的字符，该字符在当前源字符集中无效(代码页 65001)。
H:\postgraduate\Qt\WordsLearning\WordsLearning\SettingDialog.cpp(1,1): warning C4828: 文件包含在偏移 0x3db 处开始的字符，该字符在当前源字符集中无效(代码页 65001)。
H:\postgraduate\Qt\WordsLearning\WordsLearning\WordsManager.cpp(1,1): warning C4828: 文件包含在偏移 0xcdd 处开始的字符，该字符在当前源字符集中无效(代码页 65001)。
H:\postgraduate\Qt\WordsLearning\WordsLearning\SettingDialog.cpp(1,1): warning C4828: 文件包含在偏移 0x3dd 处开始的字符，该字符在当前源字符集中无效(代码页 65001)。
H:\postgraduate\Qt\WordsLearning\WordsLearning\SettingDialog.cpp(1,1): warning C4828: 文件包含在偏移 0x3de 处开始的字符，该字符在当前源字符集中无效(代码页 65001)。
H:\postgraduate\Qt\WordsLearning\WordsLearning\WordsManager.cpp(1,1): warning C4828: 文件包含在偏移 0xce2 处开始的字符，该字符在当前源字符集中无效(代码页 65001)。
H:\postgraduate\Qt\WordsLearning\WordsLearning\SettingDialog.cpp(1,1): warning C4828: 文件包含在偏移 0x41b 处开始的字符，该字符在当前源字符集中无效(代码页 65001)。
H:\postgraduate\Qt\WordsLearning\WordsLearning\WordsManager.cpp(1,1): warning C4828: 文件包含在偏移 0xce3 处开始的字符，该字符在当前源字符集中无效(代码页 65001)。
H:\postgraduate\Qt\WordsLearning\WordsLearning\SettingDialog.cpp(1,1): warning C4828: 文件包含在偏移 0x41c 处开始的字符，该字符在当前源字符集中无效(代码页 65001)。
H:\postgraduate\Qt\WordsLearning\WordsLearning\WordsManager.cpp(1,1): warning C4828: 文件包含在偏移 0xce6 处开始的字符，该字符在当前源字符集中无效(代码页 65001)。
H:\postgraduate\Qt\WordsLearning\WordsLearning\WordsManager.cpp(1,1): warning C4828: 文件包含在偏移 0xce7 处开始的字符，该字符在当前源字符集中无效(代码页 65001)。
H:\postgraduate\Qt\WordsLearning\WordsLearning\SettingDialog.cpp(1,1): warning C4828: 文件包含在偏移 0x422 处开始的字符，该字符在当前源字符集中无效(代码页 65001)。
H:\postgraduate\Qt\WordsLearning\WordsLearning\WordsManager.cpp(1,1): warning C4828: 文件包含在偏移 0xce8 处开始的字符，该字符在当前源字符集中无效(代码页 65001)。
H:\postgraduate\Qt\WordsLearning\WordsLearning\SettingDialog.cpp(1,1): warning C4828: 文件包含在偏移 0x423 处开始的字符，该字符在当前源字符集中无效(代码页 65001)。
H:\postgraduate\Qt\WordsLearning\WordsLearning\WordsManager.cpp(1,1): warning C4828: 文件包含在偏移 0xcea 处开始的字符，该字符在当前源字符集中无效(代码页 65001)。
H:\postgraduate\Qt\WordsLearning\WordsLearning\WordsManager.cpp(1,1): warning C4828: 文件包含在偏移 0xcec 处开始的字符，该字符在当前源字符集中无效(代码页 65001)。
H:\postgraduate\Qt\WordsLearning\WordsLearning\SettingDialog.cpp(1,1): warning C4828: 文件包含在偏移 0x426 处开始的字符，该字符在当前源字符集中无效(代码页 65001)。
H:\postgraduate\Qt\WordsLearning\WordsLearning\WordsManager.cpp(1,1): warning C4828: 文件包含在偏移 0xced 处开始的字符，该字符在当前源字符集中无效(代码页 65001)。
H:\postgraduate\Qt\WordsLearning\WordsLearning\WordsManager.cpp(1,1): warning C4828: 文件包含在偏移 0xcee 处开始的字符，该字符在当前源字符集中无效(代码页 65001)。
H:\postgraduate\Qt\WordsLearning\WordsLearning\SettingDialog.cpp(1,1): warning C4828: 文件包含在偏移 0x427 处开始的字符，该字符在当前源字符集中无效(代码页 65001)。
H:\postgraduate\Qt\WordsLearning\WordsLearning\WordsManager.cpp(1,1): warning C4828: 文件包含在偏移 0xcf0 处开始的字符，该字符在当前源字符集中无效(代码页 65001)。
H:\postgraduate\Qt\WordsLearning\WordsLearning\SettingDialog.cpp(1,1): warning C4828: 文件包含在偏移 0x42c 处开始的字符，该字符在当前源字符集中无效(代码页 65001)。
H:\postgraduate\Qt\WordsLearning\WordsLearning\SettingDialog.cpp(1,1): warning C4828: 文件包含在偏移 0x432 处开始的字符，该字符在当前源字符集中无效(代码页 65001)。
H:\postgraduate\Qt\WordsLearning\WordsLearning\WordsManager.cpp(1,1): warning C4828: 文件包含在偏移 0xcf2 处开始的字符，该字符在当前源字符集中无效(代码页 65001)。
H:\postgraduate\Qt\WordsLearning\WordsLearning\SettingDialog.cpp(1,1): warning C4828: 文件包含在偏移 0x435 处开始的字符，该字符在当前源字符集中无效(代码页 65001)。
H:\postgraduate\Qt\WordsLearning\WordsLearning\WordsManager.cpp(1,1): warning C4828: 文件包含在偏移 0xcf4 处开始的字符，该字符在当前源字符集中无效(代码页 65001)。
H:\postgraduate\Qt\WordsLearning\WordsLearning\SettingDialog.cpp(1,1): warning C4828: 文件包含在偏移 0x436 处开始的字符，该字符在当前源字符集中无效(代码页 65001)。
H:\postgraduate\Qt\WordsLearning\WordsLearning\WordsManager.cpp(1,1): warning C4828: 文件包含在偏移 0xe7d 处开始的字符，该字符在当前源字符集中无效(代码页 65001)。
H:\postgraduate\Qt\WordsLearning\WordsLearning\WordsManager.cpp(1,1): warning C4828: 文件包含在偏移 0xe7f 处开始的字符，该字符在当前源字符集中无效(代码页 65001)。
H:\postgraduate\Qt\WordsLearning\WordsLearning\WordsManager.cpp(1,1): warning C4828: 文件包含在偏移 0xe80 处开始的字符，该字符在当前源字符集中无效(代码页 65001)。
H:\postgraduate\Qt\WordsLearning\WordsLearning\WordsManager.cpp(1,1): warning C4828: 文件包含在偏移 0xe85 处开始的字符，该字符在当前源字符集中无效(代码页 65001)。
H:\postgraduate\Qt\WordsLearning\WordsLearning\WordsManager.cpp(1,1): warning C4828: 文件包含在偏移 0xe86 处开始的字符，该字符在当前源字符集中无效(代码页 65001)。
H:\postgraduate\Qt\WordsLearning\WordsLearning\WordsManager.cpp(1,1): warning C4828: 文件包含在偏移 0xe89 处开始的字符，该字符在当前源字符集中无效(代码页 65001)。
H:\postgraduate\Qt\WordsLearning\WordsLearning\WordsManager.cpp(1,1): warning C4828: 文件包含在偏移 0xe8a 处开始的字符，该字符在当前源字符集中无效(代码页 65001)。
H:\postgraduate\Qt\WordsLearning\WordsLearning\WordsManager.cpp(1,1): warning C4828: 文件包含在偏移 0xe8b 处开始的字符，该字符在当前源字符集中无效(代码页 65001)。
H:\postgraduate\Qt\WordsLearning\WordsLearning\WordsManager.cpp(1,1): warning C4828: 文件包含在偏移 0xe8d 处开始的字符，该字符在当前源字符集中无效(代码页 65001)。
H:\postgraduate\Qt\WordsLearning\WordsLearning\WordsManager.cpp(1,1): warning C4828: 文件包含在偏移 0xe8f 处开始的字符，该字符在当前源字符集中无效(代码页 65001)。
H:\postgraduate\Qt\WordsLearning\WordsLearning\WordsManager.cpp(1,1): warning C4828: 文件包含在偏移 0xe90 处开始的字符，该字符在当前源字符集中无效(代码页 65001)。
H:\postgraduate\Qt\WordsLearning\WordsLearning\WordsManager.cpp(1,1): warning C4828: 文件包含在偏移 0xe91 处开始的字符，该字符在当前源字符集中无效(代码页 65001)。
H:\postgraduate\Qt\WordsLearning\WordsLearning\WordsManager.cpp(1,1): warning C4828: 文件包含在偏移 0xe93 处开始的字符，该字符在当前源字符集中无效(代码页 65001)。
H:\postgraduate\Qt\WordsLearning\WordsLearning\WordsManager.cpp(1,1): warning C4828: 文件包含在偏移 0xe95 处开始的字符，该字符在当前源字符集中无效(代码页 65001)。
H:\postgraduate\Qt\WordsLearning\WordsLearning\WordsManager.cpp(1,1): warning C4828: 文件包含在偏移 0xe97 处开始的字符，该字符在当前源字符集中无效(代码页 65001)。
H:\postgraduate\Qt\WordsLearning\WordsLearning\WordsManager.cpp(1,1): warning C4828: 文件包含在偏移 0x11ac 处开始的字符，该字符在当前源字符集中无效(代码页 65001)。
H:\postgraduate\Qt\WordsLearning\WordsLearning\WordsManager.cpp(1,1): warning C4828: 文件包含在偏移 0x11ad 处开始的字符，该字符在当前源字符集中无效(代码页 65001)。
H:\postgraduate\Qt\WordsLearning\WordsLearning\WordsManager.cpp(1,1): warning C4828: 文件包含在偏移 0x11ae 处开始的字符，该字符在当前源字符集中无效(代码页 65001)。
H:\postgraduate\Qt\WordsLearning\WordsLearning\WordsManager.cpp(1,1): warning C4828: 文件包含在偏移 0x11af 处开始的字符，该字符在当前源字符集中无效(代码页 65001)。
H:\postgraduate\Qt\WordsLearning\WordsLearning\WordsManager.cpp(1,1): warning C4828: 文件包含在偏移 0x11bb 处开始的字符，该字符在当前源字符集中无效(代码页 65001)。
H:\postgraduate\Qt\WordsLearning\WordsLearning\WordsManager.cpp(1,1): warning C4828: 文件包含在偏移 0x11bc 处开始的字符，该字符在当前源字符集中无效(代码页 65001)。
H:\postgraduate\Qt\WordsLearning\WordsLearning\WordsManager.cpp(1,1): warning C4828: 文件包含在偏移 0x11be 处开始的字符，该字符在当前源字符集中无效(代码页 65001)。
H:\postgraduate\Qt\WordsLearning\WordsLearning\WordsManager.cpp(1,1): warning C4828: 文件包含在偏移 0x11c4 处开始的字符，该字符在当前源字符集中无效(代码页 65001)。
H:\postgraduate\Qt\WordsLearning\WordsLearning\WordsManager.cpp(1,1): warning C4828: 文件包含在偏移 0x11c7 处开始的字符，该字符在当前源字符集中无效(代码页 65001)。
H:\postgraduate\Qt\WordsLearning\WordsLearning\WordsManager.cpp(1,1): warning C4828: 文件包含在偏移 0x11c9 处开始的字符，该字符在当前源字符集中无效(代码页 65001)。
H:\postgraduate\Qt\WordsLearning\WordsLearning\WordsManager.cpp(1,1): warning C4828: 文件包含在偏移 0x11ca 处开始的字符，该字符在当前源字符集中无效(代码页 65001)。
H:\postgraduate\Qt\WordsLearning\WordsLearning\WordsManager.cpp(1,1): warning C4828: 文件包含在偏移 0x11f2 处开始的字符，该字符在当前源字符集中无效(代码页 65001)。
H:\postgraduate\Qt\WordsLearning\WordsLearning\WordsManager.cpp(1,1): warning C4828: 文件包含在偏移 0x11f4 处开始的字符，该字符在当前源字符集中无效(代码页 65001)。
H:\postgraduate\Qt\WordsLearning\WordsLearning\WordsManager.cpp(1,1): warning C4828: 文件包含在偏移 0x11f6 处开始的字符，该字符在当前源字符集中无效(代码页 65001)。
H:\postgraduate\Qt\WordsLearning\WordsLearning\WordsManager.cpp(1,1): warning C4828: 文件包含在偏移 0x11f7 处开始的字符，该字符在当前源字符集中无效(代码页 65001)。
H:\postgraduate\Qt\WordsLearning\WordsLearning\WordsManager.cpp(1,1): warning C4828: 文件包含在偏移 0x11fa 处开始的字符，该字符在当前源字符集中无效(代码页 65001)。
H:\postgraduate\Qt\WordsLearning\WordsLearning\WordsManager.cpp(1,1): warning C4828: 文件包含在偏移 0x11fc 处开始的字符，该字符在当前源字符集中无效(代码页 65001)。
H:\postgraduate\Qt\WordsLearning\WordsLearning\WordsManager.cpp(1,1): warning C4828: 文件包含在偏移 0x11fd 处开始的字符，该字符在当前源字符集中无效(代码页 65001)。
H:\postgraduate\Qt\WordsLearning\WordsLearning\WordsManager.cpp(1,1): warning C4828: 文件包含在偏移 0x11fe 处开始的字符，该字符在当前源字符集中无效(代码页 65001)。
H:\postgraduate\Qt\WordsLearning\WordsLearning\WordsManager.cpp(1,1): warning C4828: 文件包含在偏移 0x1200 处开始的字符，该字符在当前源字符集中无效(代码页 65001)。
H:\postgraduate\Qt\WordsLearning\WordsLearning\WordsManager.cpp(1,1): warning C4828: 文件包含在偏移 0x1561 处开始的字符，该字符在当前源字符集中无效(代码页 65001)。
H:\postgraduate\Qt\WordsLearning\WordsLearning\WordsManager.cpp(1,1): warning C4828: 文件包含在偏移 0x1564 处开始的字符，该字符在当前源字符集中无效(代码页 65001)。
H:\postgraduate\Qt\WordsLearning\WordsLearning\WordsManager.cpp(1,1): warning C4828: 文件包含在偏移 0x1568 处开始的字符，该字符在当前源字符集中无效(代码页 65001)。
  正在生成代码
  58 of 764 functions ( 7.6%) were compiled, the rest were copied from previous compilation.
    0 functions were new in current compilation
    71 functions had inline decision re-evaluated but remain unchanged
  已完成代码的生成
  WordsLearning.vcxproj -> H:\postgraduate\Qt\WordsLearning\WordsLearning\x64\Release\WordsLearning.exe
