h:\postgraduate\qt\wordslearning\wordslearning\wordslearning\x64\release\uic\ui_translatedialog.h
h:\postgraduate\qt\wordslearning\wordslearning\wordslearning\x64\release\rcc\qrc_mainwindow.cpp
h:\postgraduate\qt\wordslearning\wordslearning\wordslearning\x64\release\moc\moc_wordsmanager.cpp
h:\postgraduate\qt\wordslearning\wordslearning\wordslearning\x64\release\moc\moc_translatedialog.cpp
h:\postgraduate\qt\wordslearning\wordslearning\wordslearning\x64\release\uic\ui_mainwindow.h
h:\postgraduate\qt\wordslearning\wordslearning\wordslearning\x64\release\uic\ui_settingdialog.h
h:\postgraduate\qt\wordslearning\wordslearning\wordslearning\x64\release\uic\ui_wordslearning.h
h:\postgraduate\qt\wordslearning\wordslearning\wordslearning\x64\release\moc\moc_mainwindow.cpp
h:\postgraduate\qt\wordslearning\wordslearning\wordslearning\x64\release\moc\moc_wordslearning.cpp
h:\postgraduate\qt\wordslearning\wordslearning\wordslearning\x64\release\moc\moc_word.cpp
h:\postgraduate\qt\wordslearning\wordslearning\wordslearning\x64\release\moc\moc_settingdialog.cpp
h:\postgraduate\qt\wordslearning\wordslearning\wordslearning\x64\release\moc\moc_tencenttranslator.cpp
h:\postgraduate\qt\wordslearning\wordslearning\wordslearning\x64\release\word.obj
h:\postgraduate\qt\wordslearning\wordslearning\wordslearning\x64\release\wordslearning.obj
h:\postgraduate\qt\wordslearning\wordslearning\wordslearning\x64\release\settingdialog.obj
h:\postgraduate\qt\wordslearning\wordslearning\wordslearning\x64\release\main.obj
h:\postgraduate\qt\wordslearning\wordslearning\wordslearning\x64\release\mainwindow.obj
h:\postgraduate\qt\wordslearning\wordslearning\wordslearning\x64\release\vc143.pdb
h:\postgraduate\qt\wordslearning\wordslearning\wordslearning\x64\release\qrc_mainwindow.obj
h:\postgraduate\qt\wordslearning\wordslearning\wordslearning\x64\release\moc_word.obj
h:\postgraduate\qt\wordslearning\wordslearning\wordslearning\x64\release\moc_tencenttranslator.obj
h:\postgraduate\qt\wordslearning\wordslearning\wordslearning\x64\release\moc_wordslearning.obj
h:\postgraduate\qt\wordslearning\wordslearning\wordslearning\x64\release\moc_settingdialog.obj
h:\postgraduate\qt\wordslearning\wordslearning\wordslearning\x64\release\moc_wordsmanager.obj
h:\postgraduate\qt\wordslearning\wordslearning\wordslearning\x64\release\moc_mainwindow.obj
h:\postgraduate\qt\wordslearning\wordslearning\wordslearning\x64\release\tencenttranslator.obj
h:\postgraduate\qt\wordslearning\wordslearning\wordslearning\x64\release\wordsmanager.obj
h:\postgraduate\qt\wordslearning\wordslearning\x64\release\wordslearning.exe
h:\postgraduate\qt\wordslearning\wordslearning\wordslearning\x64\release\wordslearning.ipdb
h:\postgraduate\qt\wordslearning\wordslearning\wordslearning\x64\release\wordslearning.iobj
h:\postgraduate\qt\wordslearning\wordslearning\wordslearning\x64\release\wordslearning.tlog\uic.read.1u.tlog
h:\postgraduate\qt\wordslearning\wordslearning\wordslearning\x64\release\wordslearning.tlog\rcc.read.1u.tlog
h:\postgraduate\qt\wordslearning\wordslearning\wordslearning\x64\release\wordslearning.tlog\moc.read.1u.tlog
h:\postgraduate\qt\wordslearning\wordslearning\wordslearning\x64\release\wordslearning.tlog\uic.write.1u.tlog
h:\postgraduate\qt\wordslearning\wordslearning\wordslearning\x64\release\wordslearning.tlog\rcc.write.1u.tlog
h:\postgraduate\qt\wordslearning\wordslearning\wordslearning\x64\release\wordslearning.tlog\moc.write.1u.tlog
h:\postgraduate\qt\wordslearning\wordslearning\wordslearning\x64\release\wordslearning.tlog\wordslearning.write.1u.tlog
h:\postgraduate\qt\wordslearning\wordslearning\wordslearning\x64\release\wordslearning.tlog\cl.command.1.tlog
h:\postgraduate\qt\wordslearning\wordslearning\wordslearning\x64\release\wordslearning.tlog\cl.read.1.tlog
h:\postgraduate\qt\wordslearning\wordslearning\wordslearning\x64\release\wordslearning.tlog\cl.write.1.tlog
h:\postgraduate\qt\wordslearning\wordslearning\wordslearning\x64\release\wordslearning.tlog\link.read.1.tlog
h:\postgraduate\qt\wordslearning\wordslearning\wordslearning\x64\release\wordslearning.tlog\link.write.1.tlog
h:\postgraduate\qt\wordslearning\wordslearning\wordslearning\x64\release\wordslearning.tlog\link.command.1.tlog
h:\postgraduate\qt\wordslearning\wordslearning\wordslearning\x64\release\wordslearning.tlog\link.secondary.1.tlog
h:\postgraduate\qt\wordslearning\wordslearning\wordslearning\x64\release\wordslearning.tlog\cl.items.tlog
