h:\postgraduate\qt\wordslearning\wordslearning\wordslearning\x64\debug\uic\ui_mainwindow.h
h:\postgraduate\qt\wordslearning\wordslearning\wordslearning\x64\debug\uic\ui_settingdialog.h
h:\postgraduate\qt\wordslearning\wordslearning\wordslearning\x64\debug\uic\ui_translatedialog.h
h:\postgraduate\qt\wordslearning\wordslearning\wordslearning\x64\debug\uic\ui_wordslearning.h
h:\postgraduate\qt\wordslearning\wordslearning\wordslearning\x64\debug\rcc\qrc_mainwindow.cpp
h:\postgraduate\qt\wordslearning\wordslearning\wordslearning\x64\debug\moc\moc_mainwindow.cpp
h:\postgraduate\qt\wordslearning\wordslearning\wordslearning\x64\debug\moc\moc_wordslearning.cpp
h:\postgraduate\qt\wordslearning\wordslearning\wordslearning\x64\debug\moc\moc_wordsmanager.cpp
h:\postgraduate\qt\wordslearning\wordslearning\wordslearning\x64\debug\moc\moc_word.cpp
h:\postgraduate\qt\wordslearning\wordslearning\wordslearning\x64\debug\moc\moc_settingdialog.cpp
h:\postgraduate\qt\wordslearning\wordslearning\wordslearning\x64\debug\moc\moc_tencenttranslator.cpp
h:\postgraduate\qt\wordslearning\wordslearning\wordslearning\x64\debug\moc\moc_translatedialog.cpp
h:\postgraduate\qt\wordslearning\wordslearning\wordslearning\x64\debug\vc143.pdb
h:\postgraduate\qt\wordslearning\wordslearning\wordslearning\x64\debug\vc143.idb
h:\postgraduate\qt\wordslearning\wordslearning\wordslearning\x64\debug\qrc_mainwindow.obj
h:\postgraduate\qt\wordslearning\wordslearning\wordslearning\x64\debug\word.obj
h:\postgraduate\qt\wordslearning\wordslearning\wordslearning\x64\debug\wordslearning.obj
h:\postgraduate\qt\wordslearning\wordslearning\wordslearning\x64\debug\tencenttranslator.obj
h:\postgraduate\qt\wordslearning\wordslearning\wordslearning\x64\debug\translatedialog.obj
h:\postgraduate\qt\wordslearning\wordslearning\wordslearning\x64\debug\wordsmanager.obj
h:\postgraduate\qt\wordslearning\wordslearning\wordslearning\x64\debug\settingdialog.obj
h:\postgraduate\qt\wordslearning\wordslearning\wordslearning\x64\debug\main.obj
h:\postgraduate\qt\wordslearning\wordslearning\wordslearning\x64\debug\mainwindow.obj
h:\postgraduate\qt\wordslearning\wordslearning\wordslearning\x64\debug\moc_word.obj
h:\postgraduate\qt\wordslearning\wordslearning\wordslearning\x64\debug\moc_tencenttranslator.obj
h:\postgraduate\qt\wordslearning\wordslearning\wordslearning\x64\debug\moc_wordsmanager.obj
h:\postgraduate\qt\wordslearning\wordslearning\wordslearning\x64\debug\moc_settingdialog.obj
h:\postgraduate\qt\wordslearning\wordslearning\wordslearning\x64\debug\moc_wordslearning.obj
h:\postgraduate\qt\wordslearning\wordslearning\wordslearning\x64\debug\moc_translatedialog.obj
h:\postgraduate\qt\wordslearning\wordslearning\wordslearning\x64\debug\moc_mainwindow.obj
h:\postgraduate\qt\wordslearning\wordslearning\x64\debug\wordslearning.exe
h:\postgraduate\qt\wordslearning\wordslearning\x64\debug\wordslearning.pdb
h:\postgraduate\qt\wordslearning\wordslearning\wordslearning\x64\debug\wordslearning.ilk
h:\postgraduate\qt\wordslearning\wordslearning\wordslearning\x64\debug\wordslearning.tlog\uic.read.1u.tlog
h:\postgraduate\qt\wordslearning\wordslearning\wordslearning\x64\debug\wordslearning.tlog\rcc.read.1u.tlog
h:\postgraduate\qt\wordslearning\wordslearning\wordslearning\x64\debug\wordslearning.tlog\moc.read.1u.tlog
h:\postgraduate\qt\wordslearning\wordslearning\wordslearning\x64\debug\wordslearning.tlog\uic.write.1u.tlog
h:\postgraduate\qt\wordslearning\wordslearning\wordslearning\x64\debug\wordslearning.tlog\rcc.write.1u.tlog
h:\postgraduate\qt\wordslearning\wordslearning\wordslearning\x64\debug\wordslearning.tlog\moc.write.1u.tlog
h:\postgraduate\qt\wordslearning\wordslearning\wordslearning\x64\debug\wordslearning.tlog\wordslearning.write.1u.tlog
h:\postgraduate\qt\wordslearning\wordslearning\wordslearning\x64\debug\wordslearning.tlog\cl.read.1.tlog
h:\postgraduate\qt\wordslearning\wordslearning\wordslearning\x64\debug\wordslearning.tlog\cl.command.1.tlog
h:\postgraduate\qt\wordslearning\wordslearning\wordslearning\x64\debug\wordslearning.tlog\cl.write.1.tlog
h:\postgraduate\qt\wordslearning\wordslearning\wordslearning\x64\debug\wordslearning.tlog\link.read.2.tlog
h:\postgraduate\qt\wordslearning\wordslearning\wordslearning\x64\debug\wordslearning.tlog\link.write.1.tlog
h:\postgraduate\qt\wordslearning\wordslearning\wordslearning\x64\debug\wordslearning.tlog\link.secondary.1.tlog
h:\postgraduate\qt\wordslearning\wordslearning\wordslearning\x64\debug\wordslearning.tlog\link.command.1.tlog
h:\postgraduate\qt\wordslearning\wordslearning\wordslearning\x64\debug\wordslearning.tlog\cl.items.tlog
